<?xml version="1.0" encoding="UTF-8"?>
<!-- Generated by org.testng.reporters.JUnitReportReporter -->
<testsuite hostname="IN-PF2RSDYR" failures="0" tests="3" name="TestNGTests.LoginTest" time="13.901" errors="0" timestamp="2023-12-17T21:52:41 IST" skipped="0">
  <testcase classname="TestNGTests.LoginTest" name="TC_login2" time="4.753"/>
  <system-out/>
  <testcase classname="TestNGTests.LoginTest" name="TC_login" time="4.453"/>
  <system-out/>
  <testcase classname="TestNGTests.LoginTest" name="TC_login1" time="4.695"/>
  <system-out/>
</testsuite> <!-- TestNGTests.LoginTest -->
