<?xml version="1.0" encoding="UTF-8"?>
<!-- Generated by org.testng.reporters.JUnitReportReporter -->
<testsuite hostname="IN-PF2RSDYR" failures="0" tests="1" name="TestNGTests.MyFirstTest" time="5.759" errors="0" timestamp="2023-12-17T22:02:06 IST" skipped="0">
  <testcase classname="TestNGTests.MyFirstTest" name="TC_login3" time="5.759"/>
  <system-out/>
</testsuite> <!-- TestNGTests.MyFirstTest -->
