<?xml version="1.0" encoding="UTF-8"?>
<!-- Generated by org.testng.reporters.JUnitReportReporter -->
<testsuite hostname="IN-PF2RSDYR" failures="0" tests="4" name="TestNGTests.PriorityTest" time="0.011" errors="0" timestamp="2023-12-05T10:22:26 IST" skipped="0">
  <testcase classname="TestNGTests.PriorityTest" name="product" time="0.008"/>
  <system-out/>
  <testcase classname="TestNGTests.PriorityTest" name="cart" time="0.001"/>
  <system-out/>
  <testcase classname="TestNGTests.PriorityTest" name="payment" time="0.001"/>
  <system-out/>
  <testcase classname="TestNGTests.PriorityTest" name="login" time="0.001"/>
  <system-out/>
</testsuite> <!-- TestNGTests.PriorityTest -->
