<?xml version="1.0" encoding="UTF-8"?>
<!-- Generated by org.testng.reporters.JUnitReportReporter -->
<testsuite hostname="IN-PF2RSDYR" failures="0" tests="1" name="TestNGTests.ParametersTest" time="7.739" errors="0" timestamp="2023-12-06T09:41:01 IST" skipped="0">
  <testcase classname="TestNGTests.ParametersTest" name="TC_Login" time="7.739"/>
  <system-out/>
</testsuite> <!-- TestNGTests.ParametersTest -->
