<?xml version="1.0" encoding="UTF-8"?>
<!-- Generated by org.testng.reporters.JUnitReportReporter -->
<testsuite hostname="IN-PF2RSDYR" failures="0" tests="2" name="TestNGTests.DataProvidersTest" time="0.016" errors="0" timestamp="2023-12-06T09:45:48 IST" skipped="0">
  <testcase classname="TestNGTests.DataProvidersTest" name="verifyData1" time="0.008"/>
  <system-out/>
  <testcase classname="TestNGTests.DataProvidersTest" name="verifyData1" time="0.008"/>
  <system-out/>
</testsuite> <!-- TestNGTests.DataProvidersTest -->
